
2024-06-17 02:58:57 info: POST /api/feedback
2024-06-17 02:58:57 info: Feedback created
2024-06-17 02:59:02 info: GET /api/feedback
2024-06-17 02:59:02 info: Fetched 3 feedback/s
2024-06-17 03:08:35 info: Server is running on port 3000
2024-06-17 03:08:42 info: POST /api/feedback
2024-06-17 03:08:42 info: Feedback created
2024-06-17 03:08:44 info: POST /api/feedback
2024-06-17 03:08:44 info: Feedback created
2024-06-17 03:08:49 info: GET /api/feedback
2024-06-17 03:08:49 info: Fetched 5 feedback/s
2024-06-17 03:08:54 info: GET /api/feedback
2024-06-17 03:08:54 info: Fetched 5 feedback/s
2024-06-17 04:32:57 info: Server is running on port 3000
2024-06-17 04:33:05 info: POST /api/feedback
2024-06-17 04:33:05 info: Feedback created
2024-06-17 04:33:10 info: GET /api/feedback
2024-06-17 04:33:10 info: Fetched 6 feedback/s
2024-06-17 04:43:20 info: Server is running on port 3000
2024-06-17 04:43:27 info: GET /api-docs/
2024-06-17 04:45:25 info: POST /api/users/register
2024-06-17 04:46:21 info: POST /api/users/login
2024-06-17 04:47:23 info: GET /api/users/profile/666fa346ed0973325340dc98
2024-06-17 04:48:49 info: PUT /api/users/profile/666fa346ed0973325340dc98
2024-06-17 04:52:55 info: Server is running on port 3000
2024-06-17 04:53:01 info: PUT /api/users/profile/666fa346ed0973325340dc98
2024-06-17 04:53:14 info: Server is running on port 3000
2024-06-17 04:54:15 info: GET /api/users/profile/666fa346ed0973325340dc98
2024-06-17 04:54:23 info: PUT /api/users/profile/666fa346ed0973325340dc98
2024-06-17 04:54:26 info: GET /api/users/profile/666fa346ed0973325340dc98
2024-06-17 04:54:29 info: DELETE /api/users/profile/666fa346ed0973325340dc98
2024-06-17 04:55:49 info: Server is running on port 3000
2024-06-17 04:55:57 info: GET /api/users/profile/666fa346ed0973325340dc98
2024-06-17 04:56:05 info: PUT /api/users/profile/666fa346ed0973325340dc98
2024-06-17 04:56:08 info: GET /api/users/profile/666fa346ed0973325340dc98
2024-06-17 04:56:10 info: DELETE /api/users/profile/666fa346ed0973325340dc98
2024-06-17 04:56:45 info: Server is running on port 3000
2024-06-17 04:56:53 info: GET /api/users/profile/666fa346ed0973325340dc98
2024-06-17 04:56:55 info: PUT /api/users/profile/666fa346ed0973325340dc98
2024-06-17 04:56:59 info: PUT /api/users/profile/666fa346ed0973325340dc98
2024-06-17 04:57:02 info: DELETE /api/users/profile/666fa346ed0973325340dc98
2024-06-17 04:57:10 info: GET /api/users/profile/666fa346ed0973325340dc98
2024-06-17 04:57:23 info: DELETE /api/users/profile/666fa346ed0973325340dc98
2024-06-17 04:59:43 info: Server is running on port 3000
2024-06-17 04:59:53 info: GET /api/users/profile/666fa346ed0973325340dc98
2024-06-17 05:00:02 info: PUT /api/users/profile/666fa346ed0973325340dc98
2024-06-17 05:00:07 info: DELETE /api/users/666fa346ed0973325340dc98
2024-06-17 05:02:27 info: Server is running on port 3000
2024-06-17 05:02:35 info: GET /api/users/profile/666fa346ed0973325340dc98
2024-06-17 05:02:37 info: PUT /api/users/profile/666fa346ed0973325340dc98
2024-06-17 05:02:49 info: DELETE /api/users/666fa346ed0973325340dc98
2024-06-17 05:02:54 info: GET /api/users/profile/666fa346ed0973325340dc98
2024-06-17 05:25:54 info: GET /api/users/profile/666fa346ed0973325340dc98
2024-06-17 05:26:02 info: POST /api/users/login
2024-06-17 05:26:07 info: POST /api/users/register
2024-06-17 05:26:40 info: POST /api/users/login
2024-06-17 05:26:50 info: GET /api/users/profile/666faccf8adecc596b9cedbc
2024-06-17 05:27:23 info: POST /api/feedback
2024-06-17 05:27:23 info: Feedback created
2024-06-17 05:28:22 info: Server is running on port 3000
2024-06-17 05:28:33 info: POST /api/users/register
2024-06-17 05:32:04 info: Server is running on port 3000
2024-06-17 05:32:18 info: POST /api/users/register
2024-06-17 05:32:18 error: Error User already exists'
2024-06-17 05:33:40 info: POST /api/users/register
2024-06-17 05:33:53 info: Server is running on port 3000
2024-06-17 05:34:10 info: POST /api/users/register
2024-06-17 05:36:18 info: Server is running on port 3000
2024-06-17 05:36:21 info: POST /api/users/register
2024-06-17 05:36:21 error: E11000 duplicate key error collection: prosoft_cfms_db.users index: username_1 dup key: { username: "exampleUser" }
2024-06-17 05:36:58 info: POST /api/users/register
2024-06-17 05:36:58 error: E11000 duplicate key error collection: prosoft_cfms_db.users index: username_1 dup key: { username: "exampleUser" }
2024-06-17 05:37:04 info: POST /api/users/register
2024-06-17 05:37:04 error: E11000 duplicate key error collection: prosoft_cfms_db.users index: username_1 dup key: { username: "exampleUser" }
2024-06-17 05:37:26 info: POST /api/users/register
2024-06-17 05:37:26 info: User registered successfully
2024-06-17 05:37:32 info: POST /api/users/register
2024-06-17 05:37:32 error: User already exists'
2024-06-17 05:39:48 info: Server is running on port 3000
2024-06-17 05:40:06 info: POST /api/users/register
2024-06-17 05:40:06 error: User already exists'
2024-06-17 05:40:13 info: POST /api/users/register
2024-06-17 05:40:13 error: User name already taken'
2024-06-17 05:45:43 info: Server is running on port 3000
2024-06-17 05:45:47 info: POST /api/users/register
2024-06-17 05:45:47 error: User name already taken
2024-06-17 05:45:55 info: POST /api/users/register
2024-06-17 05:45:55 info: User registered successfully
2024-06-17 05:46:31 info: POST /api/users/login
2024-06-17 05:46:31 error: Invalid user
2024-06-17 05:46:44 info: POST /api/users/login
2024-06-17 05:46:44 error: Incorrect user pasword
2024-06-17 05:46:50 info: POST /api/users/login
2024-06-17 05:46:50 error: logger.success is not a function
2024-06-17 05:47:15 info: Server is running on port 3000
2024-06-17 05:47:18 info: POST /api/users/login
2024-06-17 05:47:18 info: Login successful
2024-06-17 05:49:47 info: Server is running on port 3000
2024-06-17 05:49:50 info: GET /api/users/profile/666faccf8adecc596b9cedbc
2024-06-17 05:49:50 info: Get user data
2024-06-17 05:50:05 info: GET /api/users/profile/666faccf6adecc596b9cedbc
2024-06-17 05:50:05 error: Cannot read properties of null (reading '_id')
2024-06-17 05:51:27 info: GET /api/users/profile/666faccf6adecc56b9cedbc
2024-06-17 05:51:27 error: Cast to ObjectId failed for value "666faccf6adecc56b9cedbc" (type string) at path "_id" for model "User"
2024-06-17 05:52:08 info: POST /api/users/register
2024-06-17 05:52:08 error: User already exists
2024-06-17 05:52:13 info: POST /api/users/register
2024-06-17 05:52:13 error: User already exists
2024-06-17 05:52:17 info: POST /api/users/register
2024-06-17 05:52:18 info: User registered successfully
2024-06-17 05:52:41 info: GET /api/users/profile/666faccf8adecc596b9cedbc
2024-06-17 05:52:41 info: Get user data
2024-06-17 05:53:09 info: GET /api/users/profile/676faccf8adecc596b9cedbc
2024-06-17 05:53:09 error: Cannot read properties of null (reading '_id')
2024-06-17 05:54:17 info: Server is running on port 3000
2024-06-17 05:55:02 info: GET /api/users/profile/676faccf8adecc596b9cedbc
2024-06-17 05:55:02 error: User not found
2024-06-17 05:55:38 info: GET /api/users/profile/666faccf8adecc596b9cedbc
2024-06-17 05:55:38 info: Get user profile
2024-06-17 06:00:25 info: Server is running on port 3000
2024-06-17 06:00:48 info: DELETE /api/users/666fa346ed0973325340dc98
2024-06-17 06:00:48 error: User not found
2024-06-17 06:01:08 info: DELETE /api/users/666fa346ed0973325340dc98
2024-06-17 06:01:08 error: User not found
2024-06-17 06:01:14 info: PUT /api/users/profile/666fa346ed0973325340dc98
2024-06-17 06:01:14 error: User not found
2024-06-17 06:01:47 info: PUT /api/users/profile/666fa346ed0973325340dc98
2024-06-17 06:01:47 error: User not found
2024-06-17 06:02:01 info: GET /api/users/profile/666fa346ed0973325340dc98
2024-06-17 06:02:01 error: User not found
2024-06-17 06:02:32 info: DELETE /api/users/666faccf8adecc596b9cedbc
2024-06-17 06:02:32 info: User profile udate deleted successfully
2024-06-17 06:02:36 info: DELETE /api/users/666faccf8adecc596b9cedbc
2024-06-17 06:02:36 error: User not found
2024-06-17 06:02:47 info: DELETE /api/users/666faccf8adecc596b9cedbc4545
2024-06-17 06:02:47 error: Cast to ObjectId failed for value "666faccf8adecc596b9cedbc4545" (type string) at path "_id" for model "User"
2024-06-17 06:10:48 info: Server is running on port 3000
2024-06-17 06:16:56 info: Server is running on port 3000
2024-06-17 06:17:01 info: GET /api-docs/
2024-06-17 06:17:01 info: GET /api-docs/swagger-ui.css
2024-06-17 06:17:01 info: GET /api-docs/swagger-ui-bundle.js
2024-06-17 06:17:01 info: GET /api-docs/swagger-ui-standalone-preset.js
2024-06-17 06:17:01 info: GET /api-docs/swagger-ui-init.js
2024-06-17 06:17:01 info: GET /api-docs/favicon-32x32.png
2024-06-17 06:18:39 info: DELETE /api/users/666faf76213570373f60daed
2024-06-17 06:18:39 info: User profile udate deleted successfully
2024-06-17 06:18:44 info: DELETE /api/users/666faf76213570373f60daed
2024-06-17 06:18:44 error: User not found
2024-06-17 06:23:33 info: Server is running on port 3000
2024-06-17 06:23:35 info: GET /api-docs/
2024-06-17 06:23:35 info: GET /api-docs/swagger-ui.css
2024-06-17 06:23:35 info: GET /api-docs/swagger-ui-bundle.js
2024-06-17 06:23:35 info: GET /api-docs/swagger-ui-standalone-preset.js
2024-06-17 06:23:35 info: GET /api-docs/swagger-ui-init.js
2024-06-17 06:23:35 info: GET /api-docs/favicon-32x32.png
2024-06-17 06:30:10 info: Server is running on port 3000
2024-06-17 06:30:13 info: GET /api-docs/
2024-06-17 06:30:14 info: GET /api-docs/swagger-ui.css
2024-06-17 06:30:14 info: GET /api-docs/swagger-ui-bundle.js
2024-06-17 06:30:14 info: GET /api-docs/swagger-ui-standalone-preset.js
2024-06-17 06:30:14 info: GET /api-docs/swagger-ui-init.js
2024-06-17 06:30:14 info: GET /api-docs/favicon-32x32.png
2024-06-17 06:34:24 info: Server is running on port 3000
2024-06-17 06:37:11 info: Server is running on port 3000
2024-06-17 06:37:15 info: GET /api-docs/
2024-06-17 06:37:15 info: GET /api-docs/swagger-ui.css
2024-06-17 06:37:15 info: GET /api-docs/swagger-ui-standalone-preset.js
2024-06-17 06:37:15 info: GET /api-docs/swagger-ui-bundle.js
2024-06-17 06:37:15 info: GET /api-docs/swagger-ui-init.js
2024-06-17 06:37:15 info: GET /api-docs/favicon-32x32.png
2024-06-17 06:41:49 info: Server is running on port 3000
2024-06-17 06:41:52 info: GET /api-docs/
2024-06-17 06:41:52 info: GET /api-docs/swagger-ui.css
2024-06-17 06:41:52 info: GET /api-docs/swagger-ui-bundle.js
2024-06-17 06:41:52 info: GET /api-docs/swagger-ui-standalone-preset.js
2024-06-17 06:41:52 info: GET /api-docs/swagger-ui-init.js
2024-06-17 06:41:53 info: GET /api-docs/favicon-32x32.png
2024-06-17 06:45:08 info: Server is running on port 3000
2024-06-17 07:11:30 info: Server is running on port 3000
2024-06-17 07:11:38 info: GET /api-docs/
2024-06-17 07:11:38 info: GET /api-docs/swagger-ui.css
2024-06-17 07:11:38 info: GET /api-docs/swagger-ui-standalone-preset.js
2024-06-17 07:11:38 info: GET /api-docs/swagger-ui-bundle.js
2024-06-17 07:11:38 info: GET /api-docs/swagger-ui-init.js
2024-06-17 07:11:38 info: GET /api-docs/favicon-32x32.png
2024-06-17 07:12:06 info: GET /api/feedback
2024-06-17 07:12:42 info: DELETE /api/users/666fb17302cf8b2d42a05cc6
2024-06-17 07:12:50 info: DELETE /api/users/666fb17302cf8b2d42a05cc6
2024-06-17 07:13:20 info: POST /api/users/register
2024-06-17 07:13:20 info: User registered successfully
2024-06-17 07:13:32 info: GET /api/users/profile/666fa346ed0973325340dc98
2024-06-17 07:13:43 info: POST /api/users/login
2024-06-17 07:13:43 error: Invalid user
2024-06-17 07:13:51 info: POST /api/users/login
2024-06-17 07:14:12 info: GET /api/users/profile/666fa346ed0973325340dc98
2024-06-17 07:15:32 info: GET /api/users/profile/666fa346ed0973325340dc98
2024-06-17 07:20:12 info: Server is running on port 3000
2024-06-17 07:20:19 info: POST /api/users/login
2024-06-17 07:20:26 info: GET /api/users/profile/666fa346ed0973325340dc98
2024-06-17 07:21:57 info: Server is running on port 3000
2024-06-17 07:22:18 info: POST /api/users/login
2024-06-17 07:22:27 info: POST /api/users/register
2024-06-17 07:22:27 error: User already exists
2024-06-17 07:22:31 info: POST /api/users/login
2024-06-17 07:22:36 info: GET /api/users/profile/666fa346ed0973325340dc98
2024-06-17 07:24:37 info: Server is running on port 3000
2024-06-17 07:24:46 info: GET /api/users/profile/666fa346ed0973325340dc98
2024-06-17 07:24:53 info: POST /api/users/login
2024-06-17 07:38:41 info: Server is running on port 3000
2024-06-17 07:38:49 info: POST /api/users/login
2024-06-17 07:39:22 info: Server is running on port 3000
2024-06-17 07:39:25 info: POST /api/users/login
2024-06-17 07:44:56 info: Server is running on port 3000
2024-06-17 07:45:11 info: POST /api/users/login
2024-06-17 07:47:18 info: Server is running on port 3000
2024-06-17 07:47:49 info: POST /api/users/login
2024-06-17 07:48:20 info: POST /api/users/register
2024-06-17 07:50:31 info: Server is running on port 3000
2024-06-17 07:50:46 info: POST /api/users/register
2024-06-17 07:50:56 info: POST /api/feedback
2024-06-17 07:51:08 info: POST /api/users/register
2024-06-17 08:18:12 info: Server is running on port 3000
2024-06-17 08:18:20 info: GET /api-docs/
2024-06-17 08:18:20 info: GET /api-docs/swagger-ui.css
2024-06-17 08:18:20 info: GET /api-docs/swagger-ui-bundle.js
2024-06-17 08:18:20 info: GET /api-docs/swagger-ui-standalone-preset.js
2024-06-17 08:18:20 info: GET /api-docs/swagger-ui-init.js
2024-06-17 08:18:20 info: GET /api-docs/favicon-32x32.png
2024-06-17 08:18:29 info: POST /api/feedback
2024-06-17 08:23:41 info: POST /api/users/login
2024-06-17 08:23:41 error: Invalid user
2024-06-17 08:25:45 info: POST /api/users/login
2024-06-17 08:30:52 info: Server is running on port 3000
2024-06-17 08:30:56 info: GET /api-docs/
2024-06-17 08:30:56 info: GET /api-docs/swagger-ui.css
2024-06-17 08:30:56 info: GET /api-docs/swagger-ui-standalone-preset.js
2024-06-17 08:30:56 info: GET /api-docs/swagger-ui-bundle.js
2024-06-17 08:30:56 info: GET /api-docs/swagger-ui-init.js
2024-06-17 08:30:57 info: GET /api-docs/favicon-32x32.png
2024-06-17 08:31:44 info: POST /api/users/login
2024-06-17 08:31:44 info: Login successful
2024-06-17 08:33:14 info: GET /api/feedback/666f73bad9c719d350223743
2024-06-17 08:33:45 info: GET /api/feedback/666f73bad9c719d35022374
2024-06-17 08:33:57 info: GET /api/feedback/666f73bad9c719d350223743
2024-06-17 08:35:42 info: POST /api/feedback
2024-06-17 08:38:54 info: Server is running on port 3000
2024-06-17 08:39:15 info: GET /api-docs/
2024-06-17 08:39:15 info: GET /api-docs/swagger-ui.css
2024-06-17 08:39:15 info: GET /api-docs/swagger-ui-standalone-preset.js
2024-06-17 08:39:15 info: GET /api-docs/swagger-ui-bundle.js
2024-06-17 08:39:15 info: GET /api-docs/swagger-ui-init.js
2024-06-17 08:39:15 info: GET /api-docs/favicon-32x32.png
2024-06-17 08:40:04 info: POST /api/users/login
2024-06-17 08:40:04 info: Login successful
2024-06-17 08:41:20 info: POST /api/users/login
2024-06-17 08:41:21 info: Login successful
2024-06-17 08:41:37 info: GET /api/feedback/666f73bad9c719d350223743
2024-06-17 08:43:09 info: POST /api/users/login
2024-06-17 08:43:10 info: Login successful
2024-06-17 08:46:16 info: GET /api/feedback/666f73bad9c719d350223743
2024-06-17 08:46:34 info: GET /api/feedback/666f73bad9c719d350223743
2024-06-17 08:48:47 info: GET /api/feedback/666f73bad9c719d350223743
2024-06-17 23:13:56 info: GET /
2024-06-17 23:14:03 info: GET /api-docs/
2024-06-17 23:14:03 info: GET /api-docs/swagger-ui.css
2024-06-17 23:14:03 info: GET /api-docs/swagger-ui-bundle.js
2024-06-17 23:14:03 info: GET /api-docs/swagger-ui-standalone-preset.js
2024-06-17 23:14:04 info: GET /api-docs/swagger-ui-init.js
2024-06-17 23:15:23 info: GET /api/feedback/666f73bad9c719d350223743
2024-06-17 23:15:54 info: GET /api/feedback/666f73bad9c719d350223743
2024-06-17 23:18:10 info: POST /api/users/login
2024-06-17 23:18:11 info: Login successful
2024-06-17 23:18:51 info: GET /api/users/profile/666fb17302cf8b2d42a05cc6
2024-06-17 23:19:44 info: GET /api/users/profile/666fb17302cf8b2d42a05cc6
2024-06-17 23:23:38 info: Server is running on port 3000
2024-06-17 23:28:40 info: GET /api/feedback
2024-06-17 23:30:29 info: GET /api/feedback
2024-06-17 23:30:49 info: POST /api/feedback
2024-06-17 23:32:11 info: POST /api/feedback
2024-06-17 23:33:59 info: POST /api/feedback
2024-06-17 23:36:21 info: Server is running on port 3000
2024-06-17 23:36:27 info: POST /api/feedback
2024-06-17 23:37:03 info: POST /api/feedback
2024-06-17 23:37:28 info: GET /api/feedback
2024-06-17 23:38:48 info: POST /api/feedback
2024-06-17 23:40:14 info: Server is running on port 3000
2024-06-17 23:40:22 info: POST /api/feedback
2024-06-17 23:42:48 info: GET /api/feedback/666f79c4510235043dea1091
2024-06-17 23:44:59 info: Server is running on port 3000
2024-06-17 23:45:04 info: GET /api/feedback/666f79c4510235043dea1091
2024-06-17 23:45:54 info: GET /api/666f79c4510235043dea1091
2024-06-17 23:57:22 info: GET /api/feedback
2024-06-17 23:58:01 info: Server is running on port 3000
2024-06-17 23:58:42 info: GET /api/feedback
